#
# There is insufficient memory for the Java Runtime Environment to continue.
# Native memory allocation (malloc) failed to allocate 1913536 bytes for Chunk::new
# Possible reasons:
#   The system is out of physical RAM or swap space
#   The process is running with CompressedOops enabled, and the Java Heap may be blocking the growth of the native heap
# Possible solutions:
#   Reduce memory load on the system
#   Increase physical memory or swap space
#   Check if swap backing store is full
#   Decrease Java heap size (-Xmx/-Xms)
#   Decrease number of Java threads
#   Decrease Java thread stack sizes (-Xss)
#   Set larger code cache with -XX:ReservedCodeCacheSize=
#   JVM is running with Unscaled Compressed Oops mode in which the Java heap is
#     placed in the first 4GB address space. The Java Heap base address is the
#     maximum limit for the native heap growth. Please use -XX:HeapBaseMinAddress
#     to set the Java Heap base and to place the Java Heap above 4GB virtual address.
# This output file may be truncated or incomplete.
#
#  Out of Memory Error (allocation.cpp:389), pid=11884, tid=0x00000000000032e8
#
# JRE version: OpenJDK Runtime Environment (8.0_242-b01) (build 1.8.0_242-release-1644-b01)
# Java VM: OpenJDK 64-Bit Server VM (25.242-b01 mixed mode windows-amd64 compressed oops)
# Failed to write core dump. Minidumps are not enabled by default on client versions of Windows
#

---------------  T H R E A D  ---------------

Current thread (0x0000000017449000):  JavaThread "C2 CompilerThread0" daemon [_thread_in_native, id=13032, stack(0x0000000018a80000,0x0000000018b80000)]

Stack: [0x0000000018a80000,0x0000000018b80000]
[error occurred during error reporting (printing stack bounds), id 0xc0000005]

Native frames: (J=compiled Java code, j=interpreted, Vv=VM code, C=native code)


Current CompileTask:
C2:   3605 1500       4       java.net.URLClassLoader$1::run (5 bytes)


---------------  P R O C E S S  ---------------

Java Threads: ( => current thread )
  0x000000001b2b6800 JavaThread "Cache worker for file hash cache (C:\Users\Nihar\.gradle\caches\6.5\fileHashes)" [_thread_blocked, id=9132, stack(0x000000001d590000,0x000000001d690000)]
  0x000000001b2b7000 JavaThread "File lock request listener" [_thread_in_native, id=9780, stack(0x000000001d360000,0x000000001d460000)]
  0x00000000198bf800 JavaThread "Cache worker for journal cache (C:\Users\Nihar\.gradle\caches\journal-1)" [_thread_blocked, id=5104, stack(0x000000001d160000,0x000000001d260000)]
  0x000000001b22d000 JavaThread "Thread-9" [_thread_blocked, id=11668, stack(0x000000001ce60000,0x000000001cf60000)]
  0x000000001962d000 JavaThread "Stdin handler" [_thread_blocked, id=9572, stack(0x000000001cd60000,0x000000001ce60000)]
  0x00000000198ed000 JavaThread "Asynchronous log dispatcher for DefaultDaemonConnection: socket connection from /127.0.0.1:57958 to /127.0.0.1:57959" [_thread_blocked, id=12884, stack(0x000000001cc60000,0x000000001cd60000)]
  0x000000001962e000 JavaThread "Daemon worker" [_thread_blocked, id=11580, stack(0x000000001cb60000,0x000000001cc60000)]
  0x000000001b181000 JavaThread "Cancel handler" [_thread_blocked, id=9068, stack(0x000000001ca60000,0x000000001cb60000)]
  0x0000000018dd3800 JavaThread "Handler for socket connection from /127.0.0.1:57958 to /127.0.0.1:57959" [_thread_in_native, id=6376, stack(0x000000001c760000,0x000000001c860000)]
  0x000000001b18c000 JavaThread "Daemon" [_thread_blocked, id=5536, stack(0x000000001c660000,0x000000001c760000)]
  0x000000001b1f6800 JavaThread "Daemon periodic checks" [_thread_blocked, id=5872, stack(0x000000001c560000,0x000000001c660000)]
  0x000000001b015000 JavaThread "Incoming local TCP Connector on port 57958" [_thread_in_native, id=7576, stack(0x000000001c370000,0x000000001c470000)]
  0x000000001b0c9000 JavaThread "Daemon health stats" [_thread_blocked, id=10656, stack(0x000000001bd90000,0x000000001be90000)]
  0x0000000018dba800 JavaThread "Service Thread" daemon [_thread_blocked, id=13000, stack(0x0000000019180000,0x0000000019280000)]
  0x000000001745e800 JavaThread "C1 CompilerThread2" daemon [_thread_blocked, id=12208, stack(0x0000000018c80000,0x0000000018d80000)]
  0x0000000017459000 JavaThread "C2 CompilerThread1" daemon [_thread_blocked, id=12148, stack(0x0000000018b80000,0x0000000018c80000)]
=>0x0000000017449000 JavaThread "C2 CompilerThread0" daemon [_thread_in_native, id=13032, stack(0x0000000018a80000,0x0000000018b80000)]
  0x0000000017447800 JavaThread "Attach Listener" daemon [_thread_blocked, id=6508, stack(0x0000000018980000,0x0000000018a80000)]
  0x0000000017444000 JavaThread "Signal Dispatcher" daemon [_thread_blocked, id=10912, stack(0x0000000018880000,0x0000000018980000)]
  0x000000000281b800 JavaThread "Finalizer" daemon [_thread_blocked, id=9140, stack(0x00000000186a0000,0x00000000187a0000)]
  0x0000000002813000 JavaThread "Reference Handler" daemon [_thread_blocked, id=11364, stack(0x00000000185a0000,0x00000000186a0000)]
  0x0000000002722800 JavaThread "main" [_thread_blocked, id=13204, stack(0x00000000025e0000,0x00000000026e0000)]

Other Threads:
  0x0000000017406800 VMThread [stack: 0x00000000184a0000,0x00000000185a0000] [id=9436]
  0x0000000018dbc000 WatcherThread [stack: 0x0000000019280000,0x0000000019380000] [id=11292]

VM state:at safepoint (normal execution)

VM Mutex/Monitor currently owned by a thread:  ([mutex/lock_event])
[0x000000000271e820] Threads_lock - owner thread: 0x0000000017406800
[0x000000000271e020] Heap_lock - owner thread: 0x000000001962e000

heap address: 0x0000000080000000, size: 2048 MB, Compressed Oops mode: 32-bit
Narrow klass base: 0x0000000000000000, Narrow klass shift: 3
Compressed class space size: 1073741824 Address: 0x0000000100000000

Heap:
 PSYoungGen      total 57344K, used 7749K [0x00000000d5580000, 0x00000000d9580000, 0x0000000100000000)
  eden space 49152K, 0% used [0x00000000d5580000,0x00000000d5580000,0x00000000d8580000)
  from space 8192K, 94% used [0x00000000d8d80000,0x00000000d9511568,0x00000000d9580000)
  to   space 8192K, 0% used [0x00000000d8580000,0x00000000d8580000,0x00000000d8d80000)
 ParOldGen       total 131072K, used 820K [0x0000000080000000, 0x0000000088000000, 0x00000000d5580000)
  object space 131072K, 0% used [0x0000000080000000,0x00000000800cd1d8,0x0000000088000000)
 Metaspace       used 18163K, capacity 18710K, committed 18816K, reserved 1069056K
  class space    used 2489K, capacity 2671K, committed 2688K, reserved 1048576K

Card table byte_map: [0x0000000011be0000,0x0000000011ff0000] byte_map_base: 0x00000000117e0000

Marking Bits: (ParMarkBitMap*) 0x000000006c04f030
 Begin Bits: [0x00000000126a0000, 0x00000000146a0000)
 End Bits:   [0x00000000146a0000, 0x00000000166a0000)

Polling page: 0x0000000000da0000

CodeCache: size=245760Kb used=5673Kb max_used=5673Kb free=240087Kb
 bounds [0x0000000002820000, 0x0000000002db0000, 0x0000000011820000]
 total_blobs=2044 nmethods=1638 adapters=319
 compilation: enabled

Compilation events (10 events):
Event: 3.523 Thread 0x000000001745e800 1646       3       java.lang.reflect.Field::copy (76 bytes)
Event: 3.523 Thread 0x000000001745e800 nmethod 1646 0x0000000002da7690 code [0x0000000002da7820, 0x0000000002da7b78]
Event: 3.533 Thread 0x000000001745e800 1647   !   3       sun.reflect.generics.factory.CoreReflectionFactory::makeNamedType (21 bytes)
Event: 3.534 Thread 0x000000001745e800 nmethod 1647 0x0000000002da7c90 code [0x0000000002da7e20, 0x0000000002da8088]
Event: 3.534 Thread 0x000000001745e800 1648       3       sun.reflect.generics.factory.CoreReflectionFactory::getDeclsLoader (85 bytes)
Event: 3.537 Thread 0x000000001745e800 nmethod 1648 0x0000000002da81d0 code [0x0000000002da8520, 0x0000000002daa7d8]
Event: 3.537 Thread 0x000000001745e800 1650       3       sun.misc.ProxyGenerator::access$700 (7 bytes)
Event: 3.537 Thread 0x000000001745e800 nmethod 1650 0x0000000002dab5d0 code [0x0000000002dab740, 0x0000000002dab928]
Event: 3.537 Thread 0x000000001745e800 1649       3       sun.reflect.generics.tree.ClassTypeSignature::accept (8 bytes)
Event: 3.538 Thread 0x000000001745e800 nmethod 1649 0x0000000002daba50 code [0x0000000002dabbc0, 0x0000000002dabda8]

GC Heap History (9 events):
Event: 1.304 GC heap before
{Heap before GC invocations=1 (full 0):
 PSYoungGen      total 57344K, used 49152K [0x00000000d5580000, 0x00000000d9580000, 0x0000000100000000)
  eden space 49152K, 100% used [0x00000000d5580000,0x00000000d8580000,0x00000000d8580000)
  from space 8192K, 0% used [0x00000000d8d80000,0x00000000d8d80000,0x00000000d9580000)
  to   space 8192K, 0% used [0x00000000d8580000,0x00000000d8580000,0x00000000d8d80000)
 ParOldGen       total 131072K, used 0K [0x0000000080000000, 0x0000000088000000, 0x00000000d5580000)
  object space 131072K, 0% used [0x0000000080000000,0x0000000080000000,0x0000000088000000)
 Metaspace       used 7231K, capacity 7438K, committed 7680K, reserved 1056768K
  class space    used 888K, capacity 973K, committed 1024K, reserved 1048576K
Event: 1.312 GC heap after
Heap after GC invocations=1 (full 0):
 PSYoungGen      total 57344K, used 4674K [0x00000000d5580000, 0x00000000d9580000, 0x0000000100000000)
  eden space 49152K, 0% used [0x00000000d5580000,0x00000000d5580000,0x00000000d8580000)
  from space 8192K, 57% used [0x00000000d8580000,0x00000000d8a10a28,0x00000000d8d80000)
  to   space 8192K, 0% used [0x00000000d8d80000,0x00000000d8d80000,0x00000000d9580000)
 ParOldGen       total 131072K, used 16K [0x0000000080000000, 0x0000000088000000, 0x00000000d5580000)
  object space 131072K, 0% used [0x0000000080000000,0x0000000080004000,0x0000000088000000)
 Metaspace       used 7231K, capacity 7438K, committed 7680K, reserved 1056768K
  class space    used 888K, capacity 973K, committed 1024K, reserved 1048576K
}
Event: 2.442 GC heap before
{Heap before GC invocations=2 (full 0):
 PSYoungGen      total 57344K, used 53826K [0x00000000d5580000, 0x00000000d9580000, 0x0000000100000000)
  eden space 49152K, 100% used [0x00000000d5580000,0x00000000d8580000,0x00000000d8580000)
  from space 8192K, 57% used [0x00000000d8580000,0x00000000d8a10a28,0x00000000d8d80000)
  to   space 8192K, 0% used [0x00000000d8d80000,0x00000000d8d80000,0x00000000d9580000)
 ParOldGen       total 131072K, used 16K [0x0000000080000000, 0x0000000088000000, 0x00000000d5580000)
  object space 131072K, 0% used [0x0000000080000000,0x0000000080004000,0x0000000088000000)
 Metaspace       used 11513K, capacity 11806K, committed 11904K, reserved 1058816K
  class space    used 1532K, capacity 1641K, committed 1664K, reserved 1048576K
Event: 2.457 GC heap after
Heap after GC invocations=2 (full 0):
 PSYoungGen      total 57344K, used 6241K [0x00000000d5580000, 0x00000000d9580000, 0x0000000100000000)
  eden space 49152K, 0% used [0x00000000d5580000,0x00000000d5580000,0x00000000d8580000)
  from space 8192K, 76% used [0x00000000d8d80000,0x00000000d93985e8,0x00000000d9580000)
  to   space 8192K, 0% used [0x00000000d8580000,0x00000000d8580000,0x00000000d8d80000)
 ParOldGen       total 131072K, used 24K [0x0000000080000000, 0x0000000088000000, 0x00000000d5580000)
  object space 131072K, 0% used [0x0000000080000000,0x0000000080006000,0x0000000088000000)
 Metaspace       used 11513K, capacity 11806K, committed 11904K, reserved 1058816K
  class space    used 1532K, capacity 1641K, committed 1664K, reserved 1048576K
}
Event: 3.193 GC heap before
{Heap before GC invocations=3 (full 0):
 PSYoungGen      total 57344K, used 55393K [0x00000000d5580000, 0x00000000d9580000, 0x0000000100000000)
  eden space 49152K, 100% used [0x00000000d5580000,0x00000000d8580000,0x00000000d8580000)
  from space 8192K, 76% used [0x00000000d8d80000,0x00000000d93985e8,0x00000000d9580000)
  to   space 8192K, 0% used [0x00000000d8580000,0x00000000d8580000,0x00000000d8d80000)
 ParOldGen       total 131072K, used 24K [0x0000000080000000, 0x0000000088000000, 0x00000000d5580000)
  object space 131072K, 0% used [0x0000000080000000,0x0000000080006000,0x0000000088000000)
 Metaspace       used 16534K, capacity 17166K, committed 17280K, reserved 1064960K
  class space    used 2210K, capacity 2411K, committed 2432K, reserved 1048576K
Event: 3.207 GC heap after
Heap after GC invocations=3 (full 0):
 PSYoungGen      total 57344K, used 8174K [0x00000000d5580000, 0x00000000d9580000, 0x0000000100000000)
  eden space 49152K, 0% used [0x00000000d5580000,0x00000000d5580000,0x00000000d8580000)
  from space 8192K, 99% used [0x00000000d8580000,0x00000000d8d7b818,0x00000000d8d80000)
  to   space 8192K, 0% used [0x00000000d8d80000,0x00000000d8d80000,0x00000000d9580000)
 ParOldGen       total 131072K, used 812K [0x0000000080000000, 0x0000000088000000, 0x00000000d5580000)
  object space 131072K, 0% used [0x0000000080000000,0x00000000800cb1d8,0x0000000088000000)
 Metaspace       used 16534K, capacity 17166K, committed 17280K, reserved 1064960K
  class space    used 2210K, capacity 2411K, committed 2432K, reserved 1048576K
}
Event: 3.549 GC heap before
{Heap before GC invocations=4 (full 0):
 PSYoungGen      total 57344K, used 34411K [0x00000000d5580000, 0x00000000d9580000, 0x0000000100000000)
  eden space 49152K, 53% used [0x00000000d5580000,0x00000000d6f1f430,0x00000000d8580000)
  from space 8192K, 99% used [0x00000000d8580000,0x00000000d8d7b818,0x00000000d8d80000)
  to   space 8192K, 0% used [0x00000000d8d80000,0x00000000d8d80000,0x00000000d9580000)
 ParOldGen       total 131072K, used 812K [0x0000000080000000, 0x0000000088000000, 0x00000000d5580000)
  object space 131072K, 0% used [0x0000000080000000,0x00000000800cb1d8,0x0000000088000000)
 Metaspace       used 18163K, capacity 18710K, committed 18816K, reserved 1069056K
  class space    used 2489K, capacity 2671K, committed 2688K, reserved 1048576K
Event: 3.561 GC heap after
Heap after GC invocations=4 (full 0):
 PSYoungGen      total 57344K, used 7749K [0x00000000d5580000, 0x00000000d9580000, 0x0000000100000000)
  eden space 49152K, 0% used [0x00000000d5580000,0x00000000d5580000,0x00000000d8580000)
  from space 8192K, 94% used [0x00000000d8d80000,0x00000000d9511568,0x00000000d9580000)
  to   space 8192K, 0% used [0x00000000d8580000,0x00000000d8580000,0x00000000d8d80000)
 ParOldGen       total 131072K, used 820K [0x0000000080000000, 0x0000000088000000, 0x00000000d5580000)
  object space 131072K, 0% used [0x0000000080000000,0x00000000800cd1d8,0x0000000088000000)
 Metaspace       used 18163K, capacity 18710K, committed 18816K, reserved 1069056K
  class space    used 2489K, capacity 2671K, committed 2688K, reserved 1048576K
}
Event: 3.561 GC heap before
{Heap before GC invocations=5 (full 1):
 PSYoungGen      total 57344K, used 7749K [0x00000000d5580000, 0x00000000d9580000, 0x0000000100000000)
  eden space 49152K, 0% used [0x00000000d5580000,0x00000000d5580000,0x00000000d8580000)
  from space 8192K, 94% used [0x00000000d8d80000,0x00000000d9511568,0x00000000d9580000)
  to   space 8192K, 0% used [0x00000000d8580000,0x00000000d8580000,0x00000000d8d80000)
 ParOldGen       total 131072K, used 820K [0x0000000080000000, 0x0000000088000000, 0x00000000d5580000)
  object space 131072K, 0% used [0x0000000080000000,0x00000000800cd1d8,0x0000000088000000)
 Metaspace       used 18163K, capacity 18710K, committed 18816K, reserved 1069056K
  class space    used 2489K, capacity 2671K, committed 2688K, reserved 1048576K

Deoptimization events (10 events):
Event: 2.814 Thread 0x000000001962e000 Uncommon trap: reason=class_check action=maybe_recompile pc=0x0000000002b4bcd8 method=java.util.regex.Matcher.match(II)Z @ 86
Event: 2.814 Thread 0x000000001962e000 Uncommon trap: reason=class_check action=maybe_recompile pc=0x00000000029e43cc method=java.util.regex.Matcher.match(II)Z @ 86
Event: 3.024 Thread 0x000000001962e000 Uncommon trap: reason=unstable_if action=reinterpret pc=0x0000000002b34c8c method=java.io.File.getName()Ljava/lang/String; @ 16
Event: 3.324 Thread 0x000000001962e000 Uncommon trap: reason=unstable_if action=reinterpret pc=0x0000000002b35a30 method=java.util.LinkedHashMap.afterNodeInsertion(Z)V @ 1
Event: 3.325 Thread 0x000000001962e000 Uncommon trap: reason=unstable_if action=reinterpret pc=0x0000000002a8aab4 method=java.util.HashMap.getNode(ILjava/lang/Object;)Ljava/util/HashMap$Node; @ 129
Event: 3.325 Thread 0x000000001962e000 Uncommon trap: reason=bimorphic action=maybe_recompile pc=0x0000000002cdf204 method=java.util.HashMap.putVal(ILjava/lang/Object;Ljava/lang/Object;ZZ)Ljava/lang/Object; @ 203
Event: 3.329 Thread 0x000000001962e000 Uncommon trap: reason=unstable_if action=reinterpret pc=0x0000000002a6b750 method=java.util.HashMap.getNode(ILjava/lang/Object;)Ljava/util/HashMap$Node; @ 129
Event: 3.329 Thread 0x000000001962e000 Uncommon trap: reason=bimorphic action=maybe_recompile pc=0x0000000002cdf204 method=java.util.HashMap.putVal(ILjava/lang/Object;Ljava/lang/Object;ZZ)Ljava/lang/Object; @ 203
Event: 3.329 Thread 0x000000001962e000 Uncommon trap: reason=bimorphic action=maybe_recompile pc=0x0000000002cd81fc method=java.util.HashMap.putVal(ILjava/lang/Object;Ljava/lang/Object;ZZ)Ljava/lang/Object; @ 203
Event: 3.489 Thread 0x000000001962e000 Uncommon trap: reason=unstable_if action=reinterpret pc=0x0000000002d1168c method=java.util.jar.Attributes$Name.isDigit(C)Z @ 3

Classes redefined (0 events):
No events

Internal exceptions (10 events):
Event: 2.490 Thread 0x0000000018dd3800 Exception <a 'java/lang/NoSuchMethodError': <clinit>> (0x00000000d56ff9f0) thrown at [C:\src\AOSP-openjdk-git\hotspot\src\share\vm\prims\jni.cpp, line 1615]
Event: 2.493 Thread 0x0000000018dd3800 Exception <a 'java/lang/NoSuchMethodError': <clinit>> (0x00000000d5715d80) thrown at [C:\src\AOSP-openjdk-git\hotspot\src\share\vm\prims\jni.cpp, line 1615]
Event: 2.508 Thread 0x0000000018dd3800 Exception <a 'java/lang/NoSuchMethodError': <clinit>> (0x00000000d578e5e0) thrown at [C:\src\AOSP-openjdk-git\hotspot\src\share\vm\prims\jni.cpp, line 1615]
Event: 2.515 Thread 0x0000000018dd3800 Exception <a 'java/lang/NoSuchMethodError': <clinit>> (0x00000000d57bdc40) thrown at [C:\src\AOSP-openjdk-git\hotspot\src\share\vm\prims\jni.cpp, line 1615]
Event: 2.524 Thread 0x0000000018dd3800 Exception <a 'java/lang/NoSuchMethodError': <clinit>> (0x00000000d57ec208) thrown at [C:\src\AOSP-openjdk-git\hotspot\src\share\vm\prims\jni.cpp, line 1615]
Event: 2.525 Thread 0x0000000018dd3800 Exception <a 'java/lang/NoSuchMethodError': <clinit>> (0x00000000d57f8680) thrown at [C:\src\AOSP-openjdk-git\hotspot\src\share\vm\prims\jni.cpp, line 1615]
Event: 3.097 Thread 0x000000001962e000 Exception <a 'java/lang/NoSuchMethodError': java.lang.Object.lambda$and$0(Ljava/util/function/Predicate;Ljava/lang/Object;)Z> (0x00000000d7d80638) thrown at [C:\src\AOSP-openjdk-git\hotspot\src\share\vm\interpreter\linkResolver.cpp, line 620]
Event: 3.104 Thread 0x000000001962e000 Exception <a 'java/lang/IncompatibleClassChangeError': Found class java.lang.Object, but interface was expected> (0x00000000d7d90930) thrown at [C:\src\AOSP-openjdk-git\hotspot\src\share\vm\interpreter\linkResolver.cpp, line 653]
Event: 3.106 Thread 0x000000001962e000 Exception <a 'java/lang/NoSuchMethodError': java.lang.Object.lambda$or$2(Ljava/util/function/Predicate;Ljava/lang/Object;)Z> (0x00000000d7d95480) thrown at [C:\src\AOSP-openjdk-git\hotspot\src\share\vm\interpreter\linkResolver.cpp, line 620]
Event: 3.384 Thread 0x000000001962e000 Exception <a 'java/lang/NoSuchMethodError': java.lang.Object.lambda$static$0(Lorg/gradle/internal/state/ModelObject;)Ljava/lang/String;> (0x00000000d653ae30) thrown at [C:\src\AOSP-openjdk-git\hotspot\src\share\vm\interpreter\linkResolver.cpp, line 620]

Events (10 events):
Event: 3.547 loading class org/gradle/internal/metaobject/AbstractDynamicObject done
Event: 3.547 loading class org/gradle/internal/instantiation/generator/MixInExtensibleDynamicObject
Event: 3.547 loading class org/gradle/internal/instantiation/generator/MixInExtensibleDynamicObject done
Event: 3.547 loading class org/gradle/internal/extensibility/ExtensibleDynamicObject
Event: 3.547 loading class org/gradle/internal/extensibility/ExtensibleDynamicObject done
Event: 3.548 loading class org/gradle/internal/extensibility/MixInClosurePropertiesAsMethodsDynamicObject
Event: 3.548 loading class org/gradle/internal/extensibility/MixInClosurePropertiesAsMethodsDynamicObject done
Event: 3.548 loading class org/gradle/internal/metaobject/CompositeDynamicObject
Event: 3.548 loading class org/gradle/internal/metaobject/CompositeDynamicObject done
Event: 3.548 Executing VM operation: CollectForMetadataAllocation


Dynamic libraries:
0x00007ff6ebce0000 - 0x00007ff6ebd11000 	E:\NewAndroid\jre\bin\java.exe
0x00007ffbaca40000 - 0x00007ffbacbed000 	C:\Windows\SYSTEM32\ntdll.dll
0x00007ffbac530000 - 0x00007ffbac66f000 	C:\Windows\system32\KERNEL32.DLL
0x00007ffba9fb0000 - 0x00007ffbaa0c5000 	C:\Windows\system32\KERNELBASE.dll
0x00007ffbac6e0000 - 0x00007ffbac78a000 	C:\Windows\system32\ADVAPI32.dll
0x00007ffbabe30000 - 0x00007ffbabfa7000 	C:\Windows\system32\USER32.dll
0x00007ffba77f0000 - 0x00007ffba7a6b000 	C:\Windows\WinSxS\amd64_microsoft.windows.common-controls_6595b64144ccf1df_6.0.9600.19394_none_62486577ecb635cf\COMCTL32.dll
0x00007ffbac1c0000 - 0x00007ffbac26a000 	C:\Windows\system32\msvcrt.dll
0x00007ffbac3d0000 - 0x00007ffbac429000 	C:\Windows\SYSTEM32\sechost.dll
0x00007ffbabcf0000 - 0x00007ffbabe30000 	C:\Windows\system32\RPCRT4.dll
0x00007ffbaba10000 - 0x00007ffbabb5c000 	C:\Windows\system32\GDI32.dll
0x00007ffba9c90000 - 0x00007ffba9cbe000 	C:\Windows\system32\SspiCli.dll
0x00007ffbac4f0000 - 0x00007ffbac526000 	C:\Windows\system32\IMM32.DLL
0x00007ffbac270000 - 0x00007ffbac3c2000 	C:\Windows\system32\MSCTF.dll
0x000000006b3f0000 - 0x000000006b4c2000 	E:\NewAndroid\jre\jre\bin\msvcr100.dll
0x000000006b880000 - 0x000000006c0cb000 	E:\NewAndroid\jre\jre\bin\server\jvm.dll
0x00007ffb9e2c0000 - 0x00007ffb9e2c9000 	C:\Windows\SYSTEM32\WSOCK32.dll
0x00007ffba19b0000 - 0x00007ffba19d2000 	C:\Windows\SYSTEM32\WINMM.dll
0x00007ffba0b90000 - 0x00007ffba0b9a000 	C:\Windows\SYSTEM32\VERSION.dll
0x00007ffbac6d0000 - 0x00007ffbac6d7000 	C:\Windows\system32\PSAPI.DLL
0x00007ffbac790000 - 0x00007ffbac7ea000 	C:\Windows\system32\WS2_32.dll
0x00007ffba1980000 - 0x00007ffba19aa000 	C:\Windows\SYSTEM32\WINMMBASE.dll
0x00007ffbac860000 - 0x00007ffbac869000 	C:\Windows\system32\NSI.dll
0x00007ffba9c40000 - 0x00007ffba9c8f000 	C:\Windows\SYSTEM32\cfgmgr32.dll
0x00007ffba8980000 - 0x00007ffba89a8000 	C:\Windows\SYSTEM32\DEVOBJ.dll
0x00007ffba85f0000 - 0x00007ffba85ff000 	E:\NewAndroid\jre\jre\bin\verify.dll
0x00007ffba7e90000 - 0x00007ffba7eb9000 	E:\NewAndroid\jre\jre\bin\java.dll
0x00007ffba84e0000 - 0x00007ffba84f6000 	E:\NewAndroid\jre\jre\bin\zip.dll
0x00007ffbaa2b0000 - 0x00007ffbab7da000 	C:\Windows\system32\SHELL32.dll
0x00007ffbabfb0000 - 0x00007ffbac1c0000 	C:\Windows\SYSTEM32\combase.dll
0x00007ffbac670000 - 0x00007ffbac6c4000 	C:\Windows\system32\SHLWAPI.dll
0x00007ffba8100000 - 0x00007ffba81b2000 	C:\Windows\SYSTEM32\SHCORE.dll
0x00007ffba9b70000 - 0x00007ffba9b85000 	C:\Windows\SYSTEM32\profapi.dll
0x00007ffba7ee0000 - 0x00007ffba7efa000 	E:\NewAndroid\jre\jre\bin\net.dll
0x00007ffba9390000 - 0x00007ffba93e9000 	C:\Windows\system32\mswsock.dll
0x00007ffba7e70000 - 0x00007ffba7e83000 	E:\NewAndroid\jre\jre\bin\nio.dll
0x00007ffba6d90000 - 0x00007ffba6db7000 	C:\Users\Nihar\.gradle\native\f6784746aeab05261644944871eae4fe03e0ef1612fff0a4a95f87b438bc6780\windows-amd64\native-platform.dll
0x00007ffba7e60000 - 0x00007ffba7e6d000 	E:\NewAndroid\jre\jre\bin\management.dll
0x00007ffba93f0000 - 0x00007ffba9410000 	C:\Windows\SYSTEM32\CRYPTSP.dll
0x00007ffba9010000 - 0x00007ffba9046000 	C:\Windows\system32\rsaenh.dll
0x00007ffba9650000 - 0x00007ffba9676000 	C:\Windows\SYSTEM32\bcrypt.dll
0x00007ffba9120000 - 0x00007ffba9141000 	C:\Windows\SYSTEM32\USERENV.dll
0x00007ffba9970000 - 0x00007ffba99d3000 	C:\Windows\system32\bcryptprimitives.dll
0x00007ffba99e0000 - 0x00007ffba99eb000 	C:\Windows\SYSTEM32\CRYPTBASE.dll
0x00007ffba3fa0000 - 0x00007ffba3fca000 	C:\Windows\SYSTEM32\IPHLPAPI.DLL
0x00007ffba3df0000 - 0x00007ffba3dfa000 	C:\Windows\SYSTEM32\WINNSI.DLL
0x00007ffba3470000 - 0x00007ffba3486000 	C:\Windows\SYSTEM32\dhcpcsvc6.DLL
0x00007ffba38e0000 - 0x00007ffba38fa000 	C:\Windows\SYSTEM32\dhcpcsvc.DLL

VM Arguments:
jvm_args: -XX:MaxPermSize=512m -XX:+HeapDumpOnOutOfMemoryError -Xmx2048m -Dfile.encoding=UTF-8 -Duser.country=US -Duser.language=en -Duser.variant 
java_command: org.gradle.launcher.daemon.bootstrap.GradleDaemon 6.5
java_class_path (initial): C:\Users\Nihar\.gradle\wrapper\dists\gradle-6.5-all\2oz4ud9k3tuxjg84bbf55q0tn\gradle-6.5\lib\gradle-launcher-6.5.jar
Launcher Type: SUN_STANDARD

Environment Variables:
JAVA_HOME=C:\Program Files\Java\jdk1.8.0\bin;C:\Program Files (x86)\Java\jdk1.7.0;E:\NewAndroid\jre\bin\java;
USERNAME=Nihar
OS=Windows_NT
PROCESSOR_IDENTIFIER=Intel64 Family 6 Model 61 Stepping 4, GenuineIntel



---------------  S Y S T E M  ---------------

OS: Windows 8.1 , 64 bit Build 9600 (6.3.9600.19538)

CPU:total 4 (initial active 4) (2 cores per cpu, 2 threads per core) family 6 model 61 stepping 4, cmov, cx8, fxsr, mmx, sse, sse2, sse3, ssse3, sse4.1, sse4.2, popcnt, avx, avx2, aes, clmul, erms, 3dnowpref, lzcnt, ht, tsc, tscinvbit, bmi1, bmi2, adx

Memory: 4k page, physical 12491448k(3244748k free), swap 50240184k(55848k free)

vm_info: OpenJDK 64-Bit Server VM (25.242-b01) for windows-amd64 JRE (1.8.0_242-release-1644-b01), built by "builder" with MS VC++ 10.0 (VS2010)

time: Mon Jan 31 16:19:53 2022
timezone: India Standard Time
elapsed time: 3 seconds (0d 0h 0m 3s)

