JvmtiExport can_access_local_variables 0
JvmtiExport can_hotswap_or_post_breakpoint 0
JvmtiExport can_post_on_exceptions 0
# 495 ciObject found
ciMethod java/lang/Object <init> ()V 4097 1 170143 0 0
ciMethod java/lang/Object hashCode ()I 2049 1 256 0 -1
ciMethod java/lang/Object equals (Ljava/lang/Object;)Z 2177 1 5362 0 -1
ciMethod java/lang/Object clone ()Ljava/lang/Object; 2049 1 256 0 -1
ciMethod java/lang/String <init> ([CII)V 2929 1 5679 0 704
ciMethod java/lang/String <init> ([BIILjava/lang/String;)V 2049 1 1124 0 -1
ciMethod java/lang/String <init> ([CZ)V 1809 1 11059 0 0
ciMethod java/lang/String length ()I 3089 1 129814 0 0
ciMethod java/lang/String charAt (I)C 4097 1 986618 0 128
ciMethod java/lang/String codePointAt (I)I 449 1 5203 0 -1
ciMethod java/lang/String getChars ([CI)V 2049 1 5394 0 0
ciMethod java/lang/String equals (Ljava/lang/Object;)Z 2145 9969 2458 0 -1
ciMethod java/lang/String equalsIgnoreCase (Ljava/lang/String;)Z 2049 1 5458 0 1472
ciMethod java/lang/String regionMatches (ZILjava/lang/String;II)Z 1377 1073 5382 0 1952
ciMethod java/lang/String startsWith (Ljava/lang/String;I)Z 2137 7217 4601 0 416
ciMethod java/lang/String endsWith (Ljava/lang/String;)Z 3097 1 13261 0 384
ciMethod java/lang/String hashCode ()I 2945 32769 2006 0 288
ciMethod java/lang/String lastIndexOf (I)I 2049 1 15206 0 288
ciMethod java/lang/String lastIndexOf (II)I 857 42345 950 0 288
ciMethod java/lang/String lastIndexOfSupplementary (II)I 0 0 1 0 -1
ciMethod java/lang/String substring (II)Ljava/lang/String; 2065 1 5756 0 992
ciMethod java/lang/String concat (Ljava/lang/String;)Ljava/lang/String; 2049 1 5394 0 896
ciMethod java/lang/String replace (CC)Ljava/lang/String; 857 41185 966 0 1152
ciMethod java/lang/String toUpperCase (Ljava/util/Locale;)Ljava/lang/String; 585 13353 737 0 2336
ciMethod java/lang/ClassLoader defineClass (Ljava/lang/String;[BIILjava/security/ProtectionDomain;)Ljava/lang/Class; 2161 1 2168 0 -1
ciMethod java/lang/ClassLoader definePackage (Ljava/lang/String;Ljava/lang/String;Ljava/lang/String;Ljava/lang/String;Ljava/lang/String;Ljava/lang/String;Ljava/lang/String;Ljava/net/URL;)Ljava/lang/Package; 1009 1 375 0 0
ciMethod java/lang/ClassLoader getPackage (Ljava/lang/String;)Ljava/lang/Package; 2057 1 4163 0 0
ciMethod java/lang/System nanoTime ()J 3073 1 384 0 -1
ciMethod java/lang/System arraycopy (Ljava/lang/Object;ILjava/lang/Object;II)V 5121 1 640 0 -1
ciMethod java/lang/Throwable addSuppressed (Ljava/lang/Throwable;)V 0 0 1 0 -1
ciMethod java/security/SecureClassLoader defineClass (Ljava/lang/String;[BIILjava/security/CodeSource;)Ljava/lang/Class; 2161 1 2119 0 0
ciMethod java/security/SecureClassLoader defineClass (Ljava/lang/String;Ljava/nio/ByteBuffer;Ljava/security/CodeSource;)Ljava/lang/Class; 0 0 1 0 -1
ciMethod java/security/SecureClassLoader getProtectionDomain (Ljava/security/CodeSource;)Ljava/security/ProtectionDomain; 2161 1 2168 0 -1
ciMethod java/lang/ref/Reference get ()Ljava/lang/Object; 1089 1 136 0 -1
ciMethod java/lang/ref/Reference <init> (Ljava/lang/Object;)V 2625 1 3354 0 0
ciMethod java/lang/ref/Reference <init> (Ljava/lang/Object;Ljava/lang/ref/ReferenceQueue;)V 2049 1 12150 0 0
ciMethod java/lang/ref/SoftReference <init> (Ljava/lang/Object;)V 2057 1 1286 0 0
ciMethod java/lang/ref/SoftReference get ()Ljava/lang/Object; 2049 1 4913 0 0
ciMethod java/lang/Thread currentThread ()Ljava/lang/Thread; 2049 1 256 0 -1
ciMethod java/lang/Thread interrupt ()V 0 0 1 0 -1
ciMethod java/lang/Thread interrupted ()Z 3177 1 2384 0 -1
ciMethod java/util/Map get (Ljava/lang/Object;)Ljava/lang/Object; 0 0 1 0 -1
ciMethod java/util/Map put (Ljava/lang/Object;Ljava/lang/Object;)Ljava/lang/Object; 0 0 1 0 -1
ciMethod java/util/Hashtable <init> (IF)V 2065 1 450 0 0
ciMethod java/util/Hashtable <init> (I)V 777 1 97 0 0
ciMethod java/util/Hashtable <init> ()V 2825 1 353 0 0
ciMethod java/util/Hashtable get (Ljava/lang/Object;)Ljava/lang/Object; 2249 345 1779 0 -1
ciMethod java/util/Dictionary <init> ()V 2065 1 450 0 0
ciMethod sun/misc/Unsafe ensureClassInitialized (Ljava/lang/Class;)V 1473 1 182 0 -1
ciMethod java/io/ByteArrayInputStream <init> ([B)V 57 1 98 0 0
ciMethod java/io/InputStream <init> ()V 2049 1 5849 0 0
ciMethod java/io/InputStream read ([BII)I 9 1889 1 0 -1
ciMethod java/io/InputStream close ()V 0 0 1 0 -1
ciMethod java/net/URLClassLoader getAndVerifyPackage (Ljava/lang/String;Ljava/util/jar/Manifest;Ljava/net/URL;)Ljava/lang/Package; 3177 1 2137 0 0
ciMethod java/net/URLClassLoader definePackageInternal (Ljava/lang/String;Ljava/util/jar/Manifest;Ljava/net/URL;)V 2161 1 2119 0 0
ciMethod java/net/URLClassLoader defineClass (Ljava/lang/String;Lsun/misc/Resource;)Ljava/lang/Class; 1129 1 2119 0 0
ciMethod java/net/URLClassLoader definePackage (Ljava/lang/String;Ljava/util/jar/Manifest;Ljava/net/URL;)Ljava/lang/Package; 1009 1 374 0 0
ciMethod java/net/URLClassLoader isSealed (Ljava/lang/String;Ljava/util/jar/Manifest;)Z 2089 1 1762 0 0
ciMethod java/net/URLClassLoader access$000 (Ljava/net/URLClassLoader;)Lsun/misc/URLClassPath; 1025 1 128 0 0
ciMethod java/net/URLClassLoader access$100 (Ljava/net/URLClassLoader;Ljava/lang/String;Lsun/misc/Resource;)Ljava/lang/Class; 1129 1 2113 0 0
ciMethod java/util/jar/Manifest <init> (Ljava/io/InputStream;)V 193 1 75 0 0
ciMethod java/util/jar/Manifest <init> (Ljava/util/jar/JarVerifier;Ljava/io/InputStream;)V 249 1 170 0 0
ciMethod java/util/jar/Manifest getMainAttributes ()Ljava/util/jar/Attributes; 1025 1 128 0 0
ciMethod java/util/jar/Manifest getEntries ()Ljava/util/Map; 1025 1 128 0 0
ciMethod java/util/jar/Manifest getAttributes (Ljava/lang/String;)Ljava/util/jar/Attributes; 4097 1 2243 0 0
ciMethod java/util/jar/Manifest getTrustedAttributes (Ljava/lang/String;)Ljava/util/jar/Attributes; 3057 1 2147 0 0
ciMethod java/util/jar/Manifest read (Ljava/io/InputStream;)V 1377 401 171 0 -1
ciMethod java/util/jar/Manifest parseName ([BI)Ljava/lang/String; 401 1 50 0 -1
ciMethod java/security/CodeSource <init> (Ljava/net/URL;[Ljava/security/CodeSigner;)V 2161 1 2119 0 0
ciMethod java/lang/Character charCount (I)I 729 1 7869 0 -1
ciMethod java/lang/Character toChars (I[CI)I 0 0 1 0 -1
ciMethod java/lang/Character toChars (I)[C 0 0 1 0 -1
ciMethod java/lang/Character toLowerCase (C)C 2057 1 17789 0 0
ciMethod java/lang/Character toLowerCase (I)I 4097 1 144400 0 0
ciMethod java/lang/Character toUpperCase (C)C 2233 1 16299 0 192
ciMethod java/lang/Character toUpperCase (I)I 2233 1 16299 0 0
ciMethod java/lang/Character toUpperCaseEx (I)I 2329 1 26939 0 -1
ciMethod java/lang/Character toUpperCaseCharArray (I)[C 0 0 1 0 -1
ciMethod java/lang/Float isNaN (F)Z 2865 1 3084 0 0
ciMethod java/lang/Float floatToRawIntBits (F)I 9 1 1 0 -1
ciMethod java/util/Comparator compare (Ljava/lang/Object;Ljava/lang/Object;)I 0 0 1 0 -1
ciMethod java/security/AccessController doPrivileged (Ljava/security/PrivilegedAction;)Ljava/lang/Object; 2049 1 256 0 -1
ciMethod java/util/AbstractList <init> ()V 2049 1 6669 0 0
ciMethod java/util/AbstractCollection <init> ()V 2577 1 12036 0 0
ciMethod java/util/Stack pop ()Ljava/lang/Object; 137 1 289 0 -1
ciMethod java/util/Stack empty ()Z 265 1 588 0 -1
ciMethod java/util/ArrayList <init> ()V 1497 1 2746 0 0
ciMethod java/util/ArrayList size ()I 1081 1 135 0 -1
ciMethod java/util/ArrayList get (I)Ljava/lang/Object; 2161 1 7985 0 -1
ciMethod java/util/ArrayList add (Ljava/lang/Object;)Z 1817 1 5967 0 -1
ciMethod java/util/AbstractMap <init> ()V 1353 1 4726 0 0
ciMethod sun/misc/SharedSecrets javaUtilJarAccess ()Lsun/misc/JavaUtilJarAccess; 2057 1 4494 0 0
ciMethod java/util/HashMap hash (Ljava/lang/Object;)I 2185 1 16232 0 160
ciMethod java/util/HashMap tableSizeFor (I)I 2057 1 2055 0 0
ciMethod java/util/HashMap <init> (IF)V 2049 1 2049 0 0
ciMethod java/util/HashMap <init> (I)V 2073 1 760 0 0
ciMethod java/util/HashMap <init> ()V 873 1 1943 0 0
ciMethod java/util/HashMap get (Ljava/lang/Object;)Ljava/lang/Object; 3073 1 5709 0 608
ciMethod java/util/HashMap getNode (ILjava/lang/Object;)Ljava/util/HashMap$Node; 2385 33 5567 0 576
ciMethod java/util/HashMap containsKey (Ljava/lang/Object;)Z 193 1 1618 0 -1
ciMethod java/util/HashMap put (Ljava/lang/Object;Ljava/lang/Object;)Ljava/lang/Object; 905 1 7596 0 4768
ciMethod java/util/HashMap putVal (ILjava/lang/Object;Ljava/lang/Object;ZZ)Ljava/lang/Object; 961 9 7601 0 -1
ciMethod java/lang/Math max (II)I 1009 1 61568 0 -1
ciMethod java/lang/Math min (II)I 4097 1 57412 0 -1
ciMethod java/lang/Math min (FF)F 2057 1 478 0 0
ciMethod java/io/OutputStream <init> ()V 2057 1 302 0 0
ciMethod java/util/Arrays copyOf ([BI)[B 2049 1 14465 0 -1
ciMethod java/util/Arrays copyOf ([CI)[C 1153 1 19869 0 0
ciMethod java/util/Arrays copyOfRange ([CII)[C 3121 1 5548 0 512
ciMethodData java/lang/Object <init> ()V 2 170147 orig 264 88 29 227 107 0 0 0 0 128 4 76 22 0 0 0 0 32 1 0 0 0 0 0 0 0 0 0 0 0 0 0 0 0 0 0 0 0 0 0 0 0 0 0 0 0 0 0 0 0 0 0 0 0 0 0 0 0 0 0 0 0 0 0 0 0 0 0 0 0 0 0 0 0 0 0 0 0 0 0 0 77 68 79 32 101 120 116 114 97 32 100 97 116 97 32 108 111 99 107 0 0 0 0 0 0 0 0 0 0 0 0 0 0 0 0 0 0 0 0 0 0 0 0 0 0 0 0 0 0 0 0 0 0 0 0 0 0 0 0 0 0 0 0 0 0 0 0 0 0 0 0 0 0 0 0 0 0 0 0 0 0 0 0 0 0 0 0 0 0 0 0 0 0 0 0 0 0 0 0 0 0 0 0 0 1 0 0 0 0 0 0 0 1 0 0 0 0 0 0 0 1 0 0 0 0 0 0 0 0 0 0 0 0 0 0 0 0 2 0 0 25 181 20 0 1 0 0 0 0 0 0 0 0 0 0 0 2 0 0 0 0 0 3 0 1 0 0 0 0 0 0 0 255 255 255 255 0 0 0 0 0 0 0 0 data 0 oops 0
ciMethod java/lang/IllegalArgumentException <init> (Ljava/lang/String;)V 0 0 1 0 -1
ciMethod sun/misc/MetaIndex mayContain (Ljava/lang/String;)Z 3257 5033 3584 0 -1
ciMethod java/util/Locale getLanguage ()Ljava/lang/String; 385 1 1552 0 -1
ciMethod java/lang/CharacterData toLowerCase (I)I 0 0 1 0 -1
ciMethod java/lang/CharacterData toUpperCase (I)I 0 0 1 0 -1
ciMethod java/lang/CharacterData of (I)Ljava/lang/CharacterData; 4097 1 9064 0 96
ciMethod java/lang/CharacterDataLatin1 getProperties (I)I 4097 1 31194 0 0
ciMethod java/lang/CharacterDataLatin1 toLowerCase (I)I 4097 1 8195 0 160
ciMethod java/lang/CharacterDataLatin1 toUpperCase (I)I 3081 1 8433 0 160
ciMethodData java/lang/String charAt (I)C 2 988065 orig 264 88 29 227 107 0 0 0 0 176 61 76 22 0 0 0 0 120 1 0 0 32 0 0 0 0 0 0 0 0 0 0 0 0 0 0 0 0 0 0 0 0 0 0 0 0 0 0 0 0 0 0 0 0 0 0 0 0 0 0 0 0 0 0 0 0 0 0 0 0 0 0 0 0 0 0 0 0 0 0 0 77 68 79 32 101 120 116 114 97 32 100 97 116 97 32 108 111 99 107 0 0 0 0 0 0 0 0 0 0 0 0 0 0 0 0 0 0 0 0 0 0 0 0 0 0 0 0 0 0 0 0 0 0 0 0 0 0 0 0 0 0 0 0 0 0 0 0 0 0 0 0 0 0 0 0 0 0 0 0 0 0 0 0 0 0 0 0 0 0 0 0 0 0 0 0 0 0 0 0 0 0 0 0 0 25 0 0 0 0 0 0 0 0 0 0 0 0 0 0 0 1 0 0 0 0 0 0 0 0 0 0 0 0 0 0 0 0 2 0 0 9 141 120 0 1 0 0 0 0 0 0 0 0 0 0 0 2 0 0 0 0 0 8 0 2 0 0 0 80 0 0 0 255 255 255 255 7 0 1 0 0 0 0 0 data 10 0x10007 0x0 0x40 0xf11a1 0xa0007 0xf11a1 0x30 0x0 0x120002 0x0 oops 0
ciMethod java/util/HashMap$TreeNode getTreeNode (ILjava/lang/Object;)Ljava/util/HashMap$TreeNode; 0 0 1 0 -1
ciMethodData java/lang/Character toLowerCase (I)I 2 144400 orig 264 88 29 227 107 0 0 0 0 88 204 85 22 0 0 0 0 136 1 0 0 0 0 0 0 0 0 0 0 0 0 0 0 0 0 0 0 0 0 0 0 0 0 0 0 0 0 0 0 0 0 0 0 0 0 0 0 0 0 0 0 0 0 0 0 0 0 0 0 0 0 0 0 0 0 0 0 0 0 0 0 77 68 79 32 101 120 116 114 97 32 100 97 116 97 32 108 111 99 107 0 0 0 0 0 0 0 0 0 0 0 0 0 0 0 0 0 0 0 0 0 0 0 0 0 0 0 0 0 0 0 0 0 0 0 0 0 0 0 0 0 0 0 0 0 0 0 0 0 0 0 0 0 0 0 0 0 0 0 0 0 0 0 0 0 0 0 0 0 0 0 0 0 0 0 0 0 0 0 0 0 0 0 0 0 0 0 0 0 0 0 0 0 0 0 0 0 0 0 0 0 0 0 0 0 0 0 0 0 0 0 0 0 0 0 0 0 0 2 0 0 129 144 17 0 1 0 0 0 0 0 0 0 0 0 0 0 2 0 0 0 0 0 3 0 2 0 0 0 64 0 0 0 255 255 255 255 2 0 1 0 0 0 0 0 data 8 0x10002 0x23210 0x50005 0x0 0x19838b70 0x23210 0x0 0x0 oops 1